<?xml version="1.0" encoding="UTF-8"?>
<testsuite xmlns:xsi="http://www.w3.org/2001/XMLSchema-instance" xsi:noNamespaceSchemaLocation="https://maven.apache.org/surefire/maven-surefire-plugin/xsd/surefire-test-report-3.0.xsd" version="3.0" name="tse.info2.util.AuthenticationControllerTest" time="0.475" tests="4" errors="0" skipped="0" failures="0">
  <properties>
[...]
</properties>
  <testcase name="testLoginWithIncorrectPassword" classname="tse.info2.util.AuthenticationControllerTest" time="0.294">
    <system-out><![CDATA[Error: Invalid password.
]]></system-out>
  </testcase>
  <testcase name="testRegisterDuplicateUser" classname="tse.info2.util.AuthenticationControllerTest" time="0.034"/>
  <testcase name="testLoginWithNonExistingUser" classname="tse.info2.util.AuthenticationControllerTest" time="0.016">
    <system-out><![CDATA[Error: Username does not exist.
]]></system-out>
  </testcase>
  <testcase name="testLoginWithCorrectCredentials" classname="tse.info2.util.AuthenticationControllerTest" time="0.126">
    <system-out><![CDATA[Login successful!
]]></system-out>
  </testcase>
</testsuite>